[debug] [2023-06-02T07:48:30.009Z] ----------------------------------------------------------------------
[debug] [2023-06-02T07:48:30.010Z] Command:       C:\Program Files\nodejs\node.exe C:\Users\parad\AppData\Roaming\npm\node_modules\firebase-tools\lib\bin\firebase.js init hosting
[debug] [2023-06-02T07:48:30.011Z] CLI Version:   12.3.0
[debug] [2023-06-02T07:48:30.011Z] Platform:      win32
[debug] [2023-06-02T07:48:30.011Z] Node Version:  v16.16.0
[debug] [2023-06-02T07:48:30.013Z] Time:          Fri Jun 02 2023 02:48:30 GMT-0500 (Central Daylight Time)
[debug] [2023-06-02T07:48:30.013Z] ----------------------------------------------------------------------
[debug] 
[debug] [2023-06-02T07:48:30.071Z] > command requires scopes: ["email","openid","https://www.googleapis.com/auth/cloudplatformprojects.readonly","https://www.googleapis.com/auth/firebase","https://www.googleapis.com/auth/cloud-platform"]
[debug] [2023-06-02T07:48:30.071Z] > authorizing via signed-in user (paradigmcomplex@gmail.com)
[info] 
     ######## #### ########  ######## ########     ###     ######  ########
     ##        ##  ##     ## ##       ##     ##  ##   ##  ##       ##
     ######    ##  ########  ######   ########  #########  ######  ######
     ##        ##  ##    ##  ##       ##     ## ##     ##       ## ##
     ##       #### ##     ## ######## ########  ##     ##  ######  ########

You're about to initialize a Firebase project in this directory:

  C:\Users\parad\Documents\fireship-tutorials\my-app

Before we get started, keep in mind:

  * You are initializing within an existing Firebase project directory

[info] 
=== Project Setup
[info] 
[info] First, let's associate this project directory with a Firebase project.
[info] You can create multiple project aliases by running firebase use --add, 
[info] but for now we'll just set up a default project.
[info] 
[debug] [2023-06-02T07:48:32.835Z] Using project from CLI flag: my-app-62793
[debug] [2023-06-02T07:48:32.837Z] >>> [apiv2][query] GET https://firebase.googleapis.com/v1beta1/projects/my-app-62793 [none]
[debug] [2023-06-02T07:48:33.078Z] <<< [apiv2][status] GET https://firebase.googleapis.com/v1beta1/projects/my-app-62793 200
[debug] [2023-06-02T07:48:33.078Z] <<< [apiv2][body] GET https://firebase.googleapis.com/v1beta1/projects/my-app-62793 {"projectId":"my-app-62793","projectNumber":"1009158534524","displayName":"my-app","name":"projects/my-app-62793","resources":{"hostingSite":"my-app-62793"},"state":"ACTIVE","etag":"1_25cc0005-e554-4c5d-b1cb-e9980f72973b"}
[info] i  Using project my-app-62793 (my-app) 
[info] 
=== Hosting Setup
[info] 
[info] Your public directory is the folder (relative to your project directory) that
[info] will contain Hosting assets to be uploaded with firebase deploy. If you
[info] have a build process for your assets, use your build's output directory.
[info] 
[info] +  Wrote build/404.html 
[debug] [2023-06-02T07:49:24.673Z] >>> [apiv2][query] GET https://www.gstatic.com/firebasejs/releases.json [none]
[debug] [2023-06-02T07:49:24.859Z] <<< [apiv2][status] GET https://www.gstatic.com/firebasejs/releases.json 200
[debug] [2023-06-02T07:49:24.859Z] <<< [apiv2][body] GET https://www.gstatic.com/firebasejs/releases.json {"current":{"version":"9.22.1","browserURL":"https://www.gstatic.com/firebasejs/9.22.1/firebase.js","packageURL":"https://www.gstatic.com/firebasejs/9.22.1/firebase.tgz"},"live":{"version":"9.22","browserURL":"https://www.gstatic.com/firebasejs/live/9.22/firebase.js","packageURL":"https://www.gstatic.com/firebasejs/live/9.22/firebase.tgz"},"components":{"analytics":"https://www.gstatic.com/firebasejs/9.22.1/firebase-analytics.js","app":"https://www.gstatic.com/firebasejs/9.22.1/firebase-app.js","app-check":"https://www.gstatic.com/firebasejs/9.22.1/firebase-app-check.js","auth":"https://www.gstatic.com/firebasejs/9.22.1/firebase-auth.js","auth/cordova":"https://www.gstatic.com/firebasejs/9.22.1/firebase-auth/cordova.js","auth/react-native":"https://www.gstatic.com/firebasejs/9.22.1/firebase-auth/react-native.js","functions":"https://www.gstatic.com/firebasejs/9.22.1/firebase-functions.js","firestore":"https://www.gstatic.com/firebasejs/9.22.1/firebase-firestore.js","firestore/lite":"https://www.gstatic.com/firebasejs/9.22.1/firebase-firestore/lite.js","installations":"https://www.gstatic.com/firebasejs/9.22.1/firebase-installations.js","storage":"https://www.gstatic.com/firebasejs/9.22.1/firebase-storage.js","performance":"https://www.gstatic.com/firebasejs/9.22.1/firebase-performance.js","remote-config":"https://www.gstatic.com/firebasejs/9.22.1/firebase-remote-config.js","messaging":"https://www.gstatic.com/firebasejs/9.22.1/firebase-messaging.js","messaging/sw":"https://www.gstatic.com/firebasejs/9.22.1/firebase-messaging/sw.js","database":"https://www.gstatic.com/firebasejs/9.22.1/firebase-database.js","firestore.memory":"https://www.gstatic.com/firebasejs/9.22.1/firebase-firestore.memory.js"}}
[info] i  Skipping write of build/index.html 
[info] 
[info] i  Detected a .git folder at C:\Users\parad\Documents\fireship-tutorials\my-app 
[info] i  Authorizing with GitHub to upload your service account to a GitHub repository's secrets store. 
[info] 
[info] Visit this URL on this device to log in:
[info] https://github.com/login/oauth/authorize?client_id=89cf50f02ac6aaed3484&state=278925650&redirect_uri=http%3A%2F%2Flocalhost%3A9005&scope=read%3Auser%20repo%20public_repo
[info] 
[info] Waiting for authentication...
[debug] [2023-06-02T07:49:38.093Z] >>> [apiv2][query] POST https://github.com/login/oauth/access_token [none]
[debug] [2023-06-02T07:49:38.093Z] >>> [apiv2][body] POST https://github.com/login/oauth/access_token [stream]
[debug] [2023-06-02T07:49:38.398Z] <<< [apiv2][status] POST https://github.com/login/oauth/access_token 200
[debug] [2023-06-02T07:49:38.398Z] <<< [apiv2][body] POST https://github.com/login/oauth/access_token {"access_token":"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","token_type":"bearer","scope":"read:user,repo"}
[debug] [2023-06-02T07:49:38.401Z] >>> [apiv2][query] GET https://api.github.com/user [none]
[debug] [2023-06-02T07:49:39.655Z] <<< [apiv2][status] GET https://api.github.com/user 200
[debug] [2023-06-02T07:49:39.655Z] <<< [apiv2][body] GET https://api.github.com/user {"login":"AndrewScalise","id":11291534,"node_id":"MDQ6VXNlcjExMjkxNTM0","avatar_url":"https://avatars.githubusercontent.com/u/11291534?v=4","gravatar_id":"","url":"https://api.github.com/users/AndrewScalise","html_url":"https://github.com/AndrewScalise","followers_url":"https://api.github.com/users/AndrewScalise/followers","following_url":"https://api.github.com/users/AndrewScalise/following{/other_user}","gists_url":"https://api.github.com/users/AndrewScalise/gists{/gist_id}","starred_url":"https://api.github.com/users/AndrewScalise/starred{/owner}{/repo}","subscriptions_url":"https://api.github.com/users/AndrewScalise/subscriptions","organizations_url":"https://api.github.com/users/AndrewScalise/orgs","repos_url":"https://api.github.com/users/AndrewScalise/repos","events_url":"https://api.github.com/users/AndrewScalise/events{/privacy}","received_events_url":"https://api.github.com/users/AndrewScalise/received_events","type":"User","site_admin":false,"name":"Andrew Scalise","company":null,"blog":"","location":null,"email":null,"hireable":true,"bio":null,"twitter_username":null,"public_repos":116,"public_gists":1,"followers":3,"following":4,"created_at":"2015-03-03T10:07:51Z","updated_at":"2023-02-04T16:41:02Z","private_gists":0,"total_private_repos":2,"owned_private_repos":2,"disk_usage":296585,"collaborators":0,"two_factor_authentication":false,"plan":{"name":"free","space":976562499,"collaborators":0,"private_repos":10000}}
[info] 
[info] +  Success! Logged into GitHub as AndrewScalise 
[info] 
